<?xml version="1.0" encoding="UTF-8"?>
<testng-results ignored="0" total="1" passed="1" failed="0" skipped="0">
  <reporter-output>
  </reporter-output>
  <suite started-at="2022-06-02T17:00:43Z" name="Default suite" finished-at="2022-06-02T17:00:43Z" duration-ms="429">
    <groups>
    </groups>
    <test started-at="2022-06-02T17:00:43Z" name="Default test" finished-at="2022-06-02T17:00:43Z" duration-ms="429">
      <class name="Sample2">
        <test-method signature="sampleMathod()[pri:0, instance:Sample2@4a34e9f]" started-at="2022-06-02T17:00:43Z" name="sampleMathod" finished-at="2022-06-02T17:00:43Z" duration-ms="148" status="PASS">
          <reporter-output>
          </reporter-output>
        </test-method> <!-- sampleMathod -->
      </class> <!-- Sample2 -->
    </test> <!-- Default test -->
  </suite> <!-- Default suite -->
</testng-results>
